<?xml version="1.0" encoding="UTF-8"?>
<!-- Generated by org.testng.reporters.JUnitXMLReporter -->
<testsuite ignored="0" hostname="LAPTOP-2R2B1FSA" failures="0" tests="0" name="Linux-Chrome" time="0.288" errors="0" timestamp="2024-10-10T22:00:11 IST">
  <testcase classname="testBase.BaseClass" name="@AfterClass tearDown" time="0.0">
    <failure type="java.lang.NullPointerException" message="Cannot invoke &amp;quot;org.openqa.selenium.WebDriver.close()&amp;quot; because &amp;quot;testBase.BaseClass.driver&amp;quot; is null">
      <![CDATA[java.lang.NullPointerException: Cannot invoke "org.openqa.selenium.WebDriver.close()" because "testBase.BaseClass.driver" is null
at testBase.BaseClass.tearDown(BaseClass.java:132)
at java.base/java.util.ArrayList.forEach(ArrayList.java:1511)
... Removed 24 stack frames]]>
    </failure>
  </testcase> <!-- @AfterClass tearDown -->
</testsuite> <!-- Linux-Chrome -->
