<?xml version="1.0" encoding="UTF-8"?>
<!-- Generated by org.testng.reporters.JUnitXMLReporter -->
<testsuite ignored="0" hostname="LAPTOP-2R2B1FSA" failures="0" tests="1" name="Test(failed)" time="0.105" errors="0" timestamp="2024-07-11T22:31:25 IST">
  <testcase classname="testBase.BaseClass" name="@BeforeClass setup" time="0.027">
    <failure type="java.io.FileNotFoundException" message=".\src\test\resources (Access is denied)">
      <![CDATA[java.io.FileNotFoundException: .\src\test\resources (Access is denied)
at java.base/java.io.FileInputStream.open0(Native Method)
at java.base/java.io.FileInputStream.open(FileInputStream.java:216)
at java.base/java.io.FileInputStream.<init>(FileInputStream.java:157)
at java.base/java.io.FileInputStream.<init>(FileInputStream.java:111)
at java.base/java.io.FileReader.<init>(FileReader.java:60)
at testBase.BaseClass.setup(BaseClass.java:28)
at java.base/java.util.ArrayList.forEach(ArrayList.java:1511)
... Removed 23 stack frames]]>
    </failure>
  </testcase> <!-- @BeforeClass setup -->
  <testcase classname="testBase.BaseClass" name="@AfterClass tearDown" time="0.0">
    <skipped/>
  </testcase> <!-- @AfterClass tearDown -->
  <testcase classname="testCases.TC001_AccountRegistrationTest" name="verify_account_registration" time="0.001">
    <skipped/>
  </testcase> <!-- verify_account_registration -->
</testsuite> <!-- Test(failed) -->
